# JRE version: OpenJDK Runtime Environment (8.0_212-b04) (build 1.8.0_212-release-1586-b04)
# Java VM: OpenJDK 64-Bit Server VM (25.212-b04 mixed mode windows-amd64 compressed oops)
Heap:
 PSYoungGen      total 465920K, used 141917K [0x00000000e0000000, 0x00000000ffa00000, 0x0000000100000000)
  eden space 413184K, 32% used [0x00000000e0000000,0x00000000e84de718,0x00000000f9380000)
  from space 52736K, 11% used [0x00000000fc680000,0x00000000fcc38d20,0x00000000ffa00000)
  to   space 52224K, 0% used [0x00000000f9380000,0x00000000f9380000,0x00000000fc680000)
 ParOldGen       total 489984K, used 368807K [0x00000000a0000000, 0x00000000bde80000, 0x00000000e0000000)
  object space 489984K, 75% used [0x00000000a0000000,0x00000000b6829e30,0x00000000bde80000)
 Metaspace       used 371841K, capacity 391969K, committed 410796K, reserved 1406976K
  class space    used 45824K, capacity 49579K, committed 53420K, reserved 1048576K
GC Heap History (10 events):
Event: 4050.139 GC heap before
{Heap before GC invocations=172 (full 8):
 PSYoungGen      total 442368K, used 382968K [0x00000000e0000000, 0x00000000ffb00000, 0x0000000100000000)
  eden space 373248K, 100% used [0x00000000e0000000,0x00000000f6c80000,0x00000000f6c80000)
  from space 69120K, 14% used [0x00000000f6c80000,0x00000000f75fe1e8,0x00000000fb000000)
  to   space 65536K, 0% used [0x00000000fbb00000,0x00000000fbb00000,0x00000000ffb00000)
 ParOldGen       total 489984K, used 336719K [0x00000000a0000000, 0x00000000bde80000, 0x00000000e0000000)
  object space 489984K, 68% used [0x00000000a0000000,0x00000000b48d3d48,0x00000000bde80000)
 Metaspace       used 371777K, capacity 391943K, committed 410796K, reserved 1406976K
  class space    used 45823K, capacity 49578K, committed 53420K, reserved 1048576K
Event: 4050.156 GC heap after
Heap after GC invocations=172 (full 8):
 PSYoungGen      total 450560K, used 6817K [0x00000000e0000000, 0x00000000ff680000, 0x0000000100000000)
  eden space 389632K, 0% used [0x00000000e0000000,0x00000000e0000000,0x00000000f7c80000)
  from space 60928K, 11% used [0x00000000fbb00000,0x00000000fc1a8570,0x00000000ff680000)
  to   space 62464K, 0% used [0x00000000f7c80000,0x00000000f7c80000,0x00000000fb980000)
 ParOldGen       total 489984K, used 342936K [0x00000000a0000000, 0x00000000bde80000, 0x00000000e0000000)
  object space 489984K, 69% used [0x00000000a0000000,0x00000000b4ee6228,0x00000000bde80000)
 Metaspace       used 371777K, capacity 391943K, committed 410796K, reserved 1406976K
  class space    used 45823K, capacity 49578K, committed 53420K, reserved 1048576K
}
Event: 4052.609 GC heap before
{Heap before GC invocations=173 (full 8):
 PSYoungGen      total 450560K, used 396449K [0x00000000e0000000, 0x00000000ff680000, 0x0000000100000000)
  eden space 389632K, 100% used [0x00000000e0000000,0x00000000f7c80000,0x00000000f7c80000)
  from space 60928K, 11% used [0x00000000fbb00000,0x00000000fc1a8570,0x00000000ff680000)
  to   space 62464K, 0% used [0x00000000f7c80000,0x00000000f7c80000,0x00000000fb980000)
 ParOldGen       total 489984K, used 342936K [0x00000000a0000000, 0x00000000bde80000, 0x00000000e0000000)
  object space 489984K, 69% used [0x00000000a0000000,0x00000000b4ee6228,0x00000000bde80000)
 Metaspace       used 371825K, capacity 391961K, committed 410796K, reserved 1406976K
  class space    used 45824K, capacity 49579K, committed 53420K, reserved 1048576K
Event: 4052.642 GC heap after
Heap after GC invocations=173 (full 8):
 PSYoungGen      total 452096K, used 17065K [0x00000000e0000000, 0x00000000ff980000, 0x0000000100000000)
  eden space 389632K, 0% used [0x00000000e0000000,0x00000000e0000000,0x00000000f7c80000)
  from space 62464K, 27% used [0x00000000f7c80000,0x00000000f8d2a680,0x00000000fb980000)
  to   space 58368K, 0% used [0x00000000fc080000,0x00000000fc080000,0x00000000ff980000)
 ParOldGen       total 489984K, used 344504K [0x00000000a0000000, 0x00000000bde80000, 0x00000000e0000000)
  object space 489984K, 70% used [0x00000000a0000000,0x00000000b506e248,0x00000000bde80000)
 Metaspace       used 371825K, capacity 391961K, committed 410796K, reserved 1406976K
  class space    used 45824K, capacity 49579K, committed 53420K, reserved 1048576K
}
Event: 4053.443 GC heap before
{Heap before GC invocations=174 (full 8):
 PSYoungGen      total 452096K, used 406697K [0x00000000e0000000, 0x00000000ff980000, 0x0000000100000000)
  eden space 389632K, 100% used [0x00000000e0000000,0x00000000f7c80000,0x00000000f7c80000)
  from space 62464K, 27% used [0x00000000f7c80000,0x00000000f8d2a680,0x00000000fb980000)
  to   space 58368K, 0% used [0x00000000fc080000,0x00000000fc080000,0x00000000ff980000)
 ParOldGen       total 489984K, used 344504K [0x00000000a0000000, 0x00000000bde80000, 0x00000000e0000000)
  object space 489984K, 70% used [0x00000000a0000000,0x00000000b506e248,0x00000000bde80000)
 Metaspace       used 371831K, capacity 391961K, committed 410796K, reserved 1406976K
  class space    used 45824K, capacity 49579K, committed 53420K, reserved 1048576K
Event: 4053.472 GC heap after
Heap after GC invocations=174 (full 8):
 PSYoungGen      total 459776K, used 23534K [0x00000000e0000000, 0x00000000ff800000, 0x0000000100000000)
  eden space 402944K, 0% used [0x00000000e0000000,0x00000000e0000000,0x00000000f8980000)
  from space 56832K, 41% used [0x00000000fc080000,0x00000000fd77b9f0,0x00000000ff800000)
  to   space 56320K, 0% used [0x00000000f8980000,0x00000000f8980000,0x00000000fc080000)
 ParOldGen       total 489984K, used 346367K [0x00000000a0000000, 0x00000000bde80000, 0x00000000e0000000)
  object space 489984K, 70% used [0x00000000a0000000,0x00000000b523fd90,0x00000000bde80000)
 Metaspace       used 371831K, capacity 391961K, committed 410796K, reserved 1406976K
  class space    used 45824K, capacity 49579K, committed 53420K, reserved 1048576K
}
Event: 4054.020 GC heap before
{Heap before GC invocations=175 (full 8):
 PSYoungGen      total 459776K, used 426478K [0x00000000e0000000, 0x00000000ff800000, 0x0000000100000000)
  eden space 402944K, 100% used [0x00000000e0000000,0x00000000f8980000,0x00000000f8980000)
  from space 56832K, 41% used [0x00000000fc080000,0x00000000fd77b9f0,0x00000000ff800000)
  to   space 56320K, 0% used [0x00000000f8980000,0x00000000f8980000,0x00000000fc080000)
 ParOldGen       total 489984K, used 346367K [0x00000000a0000000, 0x00000000bde80000, 0x00000000e0000000)
  object space 489984K, 70% used [0x00000000a0000000,0x00000000b523fd90,0x00000000bde80000)
 Metaspace       used 371838K, capacity 391965K, committed 410796K, reserved 1406976K
  class space    used 45824K, capacity 49579K, committed 53420K, reserved 1048576K
Event: 4054.077 GC heap after
Heap after GC invocations=175 (full 8):
 PSYoungGen      total 459264K, used 8181K [0x00000000e0000000, 0x00000000ffb80000, 0x0000000100000000)
  eden space 402944K, 0% used [0x00000000e0000000,0x00000000e0000000,0x00000000f8980000)
  from space 56320K, 14% used [0x00000000f8980000,0x00000000f917d4c0,0x00000000fc080000)
  to   space 54272K, 0% used [0x00000000fc680000,0x00000000fc680000,0x00000000ffb80000)
 ParOldGen       total 489984K, used 364250K [0x00000000a0000000, 0x00000000bde80000, 0x00000000e0000000)
  object space 489984K, 74% used [0x00000000a0000000,0x00000000b63b68e8,0x00000000bde80000)
 Metaspace       used 371838K, capacity 391965K, committed 410796K, reserved 1406976K
  class space    used 45824K, capacity 49579K, committed 53420K, reserved 1048576K
}
Event: 4054.675 GC heap before
{Heap before GC invocations=176 (full 8):
 PSYoungGen      total 459264K, used 411125K [0x00000000e0000000, 0x00000000ffb80000, 0x0000000100000000)
  eden space 402944K, 100% used [0x00000000e0000000,0x00000000f8980000,0x00000000f8980000)
  from space 56320K, 14% used [0x00000000f8980000,0x00000000f917d4c0,0x00000000fc080000)
  to   space 54272K, 0% used [0x00000000fc680000,0x00000000fc680000,0x00000000ffb80000)
 ParOldGen       total 489984K, used 364250K [0x00000000a0000000, 0x00000000bde80000, 0x00000000e0000000)
  object space 489984K, 74% used [0x00000000a0000000,0x00000000b63b68e8,0x00000000bde80000)
 Metaspace       used 371839K, capacity 391965K, committed 410796K, reserved 1406976K
  class space    used 45824K, capacity 49579K, committed 53420K, reserved 1048576K
Event: 4054.703 GC heap after
Heap after GC invocations=176 (full 8):
 PSYoungGen      total 465920K, used 5859K [0x00000000e0000000, 0x00000000ffa00000, 0x0000000100000000)
  eden space 413184K, 0% used [0x00000000e0000000,0x00000000e0000000,0x00000000f9380000)
  from space 52736K, 11% used [0x00000000fc680000,0x00000000fcc38d20,0x00000000ffa00000)
  to   space 52224K, 0% used [0x00000000f9380000,0x00000000f9380000,0x00000000fc680000)
 ParOldGen       total 489984K, used 368807K [0x00000000a0000000, 0x00000000bde80000, 0x00000000e0000000)
  object space 489984K, 75% used [0x00000000a0000000,0x00000000b6829e30,0x00000000bde80000)
 Metaspace       used 371839K, capacity 391965K, committed 410796K, reserved 1406976K
  class space    used 45824K, capacity 49579K, committed 53420K, reserved 1048576K
}

