# JRE version: OpenJDK Runtime Environment (8.0_212-b04) (build 1.8.0_212-release-1586-b04)
# Java VM: OpenJDK 64-Bit Server VM (25.212-b04 mixed mode windows-amd64 compressed oops)
Heap:
 PSYoungGen      total 372224K, used 95016K [0x00000000e0000000, 0x00000000ff600000, 0x0000000100000000)
  eden space 297472K, 6% used [0x00000000e0000000,0x00000000e13cf7d0,0x00000000f2280000)
  from space 74752K, 99% used [0x00000000f8000000,0x00000000fc8fa8f8,0x00000000fc900000)
  to   space 95744K, 0% used [0x00000000f2280000,0x00000000f2280000,0x00000000f8000000)
 ParOldGen       total 275456K, used 172099K [0x00000000a0000000, 0x00000000b0d00000, 0x00000000e0000000)
  object space 275456K, 62% used [0x00000000a0000000,0x00000000aa810fe0,0x00000000b0d00000)
 Metaspace       used 93391K, capacity 98409K, committed 99392K, reserved 1134592K
  class space    used 12223K, capacity 13175K, committed 13400K, reserved 1048576K
GC Heap History (10 events):
Event: 342.352 GC heap before
{Heap before GC invocations=24 (full 3):
 PSYoungGen      total 280576K, used 223605K [0x00000000e0000000, 0x00000000f4100000, 0x0000000100000000)
  eden space 251904K, 79% used [0x00000000e0000000,0x00000000ec48a328,0x00000000ef600000)
  from space 28672K, 77% used [0x00000000f2500000,0x00000000f3ad30e0,0x00000000f4100000)
  to   space 38400K, 0% used [0x00000000ef600000,0x00000000ef600000,0x00000000f1b80000)
 ParOldGen       total 160768K, used 102234K [0x00000000a0000000, 0x00000000a9d00000, 0x00000000e0000000)
  object space 160768K, 63% used [0x00000000a0000000,0x00000000a63d6b98,0x00000000a9d00000)
 Metaspace       used 92748K, capacity 98333K, committed 98496K, reserved 1134592K
  class space    used 12248K, capacity 13272K, committed 13272K, reserved 1048576K
Event: 342.375 GC heap after
Heap after GC invocations=24 (full 3):
 PSYoungGen      total 290304K, used 29174K [0x00000000e0000000, 0x00000000f5800000, 0x0000000100000000)
  eden space 251904K, 0% used [0x00000000e0000000,0x00000000e0000000,0x00000000ef600000)
  from space 38400K, 75% used [0x00000000ef600000,0x00000000f127da38,0x00000000f1b80000)
  to   space 39936K, 0% used [0x00000000f3100000,0x00000000f3100000,0x00000000f5800000)
 ParOldGen       total 160768K, used 102242K [0x00000000a0000000, 0x00000000a9d00000, 0x00000000e0000000)
  object space 160768K, 63% used [0x00000000a0000000,0x00000000a63d8b98,0x00000000a9d00000)
 Metaspace       used 92748K, capacity 98333K, committed 98496K, reserved 1134592K
  class space    used 12248K, capacity 13272K, committed 13272K, reserved 1048576K
}
Event: 342.375 GC heap before
{Heap before GC invocations=25 (full 4):
 PSYoungGen      total 290304K, used 29174K [0x00000000e0000000, 0x00000000f5800000, 0x0000000100000000)
  eden space 251904K, 0% used [0x00000000e0000000,0x00000000e0000000,0x00000000ef600000)
  from space 38400K, 75% used [0x00000000ef600000,0x00000000f127da38,0x00000000f1b80000)
  to   space 39936K, 0% used [0x00000000f3100000,0x00000000f3100000,0x00000000f5800000)
 ParOldGen       total 160768K, used 102242K [0x00000000a0000000, 0x00000000a9d00000, 0x00000000e0000000)
  object space 160768K, 63% used [0x00000000a0000000,0x00000000a63d8b98,0x00000000a9d00000)
 Metaspace       used 92748K, capacity 98333K, committed 98496K, reserved 1134592K
  class space    used 12248K, capacity 13272K, committed 13272K, reserved 1048576K
Event: 342.586 GC heap after
Heap after GC invocations=25 (full 4):
 PSYoungGen      total 290304K, used 0K [0x00000000e0000000, 0x00000000f5800000, 0x0000000100000000)
  eden space 251904K, 0% used [0x00000000e0000000,0x00000000e0000000,0x00000000ef600000)
  from space 38400K, 0% used [0x00000000ef600000,0x00000000ef600000,0x00000000f1b80000)
  to   space 39936K, 0% used [0x00000000f3100000,0x00000000f3100000,0x00000000f5800000)
 ParOldGen       total 275456K, used 90433K [0x00000000a0000000, 0x00000000b0d00000, 0x00000000e0000000)
  object space 275456K, 32% used [0x00000000a0000000,0x00000000a5850428,0x00000000b0d00000)
 Metaspace       used 92246K, capacity 96953K, committed 98496K, reserved 1134592K
  class space    used 12083K, capacity 12978K, committed 13272K, reserved 1048576K
}
Event: 343.061 GC heap before
{Heap before GC invocations=26 (full 4):
 PSYoungGen      total 290304K, used 251904K [0x00000000e0000000, 0x00000000f5800000, 0x0000000100000000)
  eden space 251904K, 100% used [0x00000000e0000000,0x00000000ef600000,0x00000000ef600000)
  from space 38400K, 0% used [0x00000000ef600000,0x00000000ef600000,0x00000000f1b80000)
  to   space 39936K, 0% used [0x00000000f3100000,0x00000000f3100000,0x00000000f5800000)
 ParOldGen       total 275456K, used 90433K [0x00000000a0000000, 0x00000000b0d00000, 0x00000000e0000000)
  object space 275456K, 32% used [0x00000000a0000000,0x00000000a5850428,0x00000000b0d00000)
 Metaspace       used 92524K, capacity 97257K, committed 98880K, reserved 1134592K
  class space    used 12112K, capacity 12985K, committed 13400K, reserved 1048576K
Event: 343.094 GC heap after
Heap after GC invocations=26 (full 4):
 PSYoungGen      total 293376K, used 39924K [0x00000000e0000000, 0x00000000f9080000, 0x0000000100000000)
  eden space 253440K, 0% used [0x00000000e0000000,0x00000000e0000000,0x00000000ef780000)
  from space 39936K, 99% used [0x00000000f3100000,0x00000000f57fd010,0x00000000f5800000)
  to   space 58880K, 0% used [0x00000000ef780000,0x00000000ef780000,0x00000000f3100000)
 ParOldGen       total 275456K, used 126912K [0x00000000a0000000, 0x00000000b0d00000, 0x00000000e0000000)
  object space 275456K, 46% used [0x00000000a0000000,0x00000000a7bf0140,0x00000000b0d00000)
 Metaspace       used 92524K, capacity 97257K, committed 98880K, reserved 1134592K
  class space    used 12112K, capacity 12985K, committed 13400K, reserved 1048576K
}
Event: 343.405 GC heap before
{Heap before GC invocations=27 (full 4):
 PSYoungGen      total 293376K, used 293364K [0x00000000e0000000, 0x00000000f9080000, 0x0000000100000000)
  eden space 253440K, 100% used [0x00000000e0000000,0x00000000ef780000,0x00000000ef780000)
  from space 39936K, 99% used [0x00000000f3100000,0x00000000f57fd010,0x00000000f5800000)
  to   space 58880K, 0% used [0x00000000ef780000,0x00000000ef780000,0x00000000f3100000)
 ParOldGen       total 275456K, used 126912K [0x00000000a0000000, 0x00000000b0d00000, 0x00000000e0000000)
  object space 275456K, 46% used [0x00000000a0000000,0x00000000a7bf0140,0x00000000b0d00000)
 Metaspace       used 92584K, capacity 97295K, committed 98880K, reserved 1134592K
  class space    used 12118K, capacity 12990K, committed 13400K, reserved 1048576K
Event: 343.456 GC heap after
Heap after GC invocations=27 (full 4):
 PSYoungGen      total 312320K, used 58861K [0x00000000e0000000, 0x00000000fc900000, 0x0000000100000000)
  eden space 253440K, 0% used [0x00000000e0000000,0x00000000e0000000,0x00000000ef780000)
  from space 58880K, 99% used [0x00000000ef780000,0x00000000f30fb650,0x00000000f3100000)
  to   space 74752K, 0% used [0x00000000f8000000,0x00000000f8000000,0x00000000fc900000)
 ParOldGen       total 275456K, used 146861K [0x00000000a0000000, 0x00000000b0d00000, 0x00000000e0000000)
  object space 275456K, 53% used [0x00000000a0000000,0x00000000a8f6b5b0,0x00000000b0d00000)
 Metaspace       used 92584K, capacity 97295K, committed 98880K, reserved 1134592K
  class space    used 12118K, capacity 12990K, committed 13400K, reserved 1048576K
}
Event: 344.306 GC heap before
{Heap before GC invocations=28 (full 4):
 PSYoungGen      total 312320K, used 312301K [0x00000000e0000000, 0x00000000fc900000, 0x0000000100000000)
  eden space 253440K, 100% used [0x00000000e0000000,0x00000000ef780000,0x00000000ef780000)
  from space 58880K, 99% used [0x00000000ef780000,0x00000000f30fb650,0x00000000f3100000)
  to   space 74752K, 0% used [0x00000000f8000000,0x00000000f8000000,0x00000000fc900000)
 ParOldGen       total 275456K, used 146861K [0x00000000a0000000, 0x00000000b0d00000, 0x00000000e0000000)
  object space 275456K, 53% used [0x00000000a0000000,0x00000000a8f6b5b0,0x00000000b0d00000)
 Metaspace       used 93389K, capacity 98409K, committed 99392K, reserved 1134592K
  class space    used 12223K, capacity 13175K, committed 13400K, reserved 1048576K
Event: 344.389 GC heap after
Heap after GC invocations=28 (full 4):
 PSYoungGen      total 372224K, used 74730K [0x00000000e0000000, 0x00000000ff600000, 0x0000000100000000)
  eden space 297472K, 0% used [0x00000000e0000000,0x00000000e0000000,0x00000000f2280000)
  from space 74752K, 99% used [0x00000000f8000000,0x00000000fc8fa8f8,0x00000000fc900000)
  to   space 95744K, 0% used [0x00000000f2280000,0x00000000f2280000,0x00000000f8000000)
 ParOldGen       total 275456K, used 172099K [0x00000000a0000000, 0x00000000b0d00000, 0x00000000e0000000)
  object space 275456K, 62% used [0x00000000a0000000,0x00000000aa810fe0,0x00000000b0d00000)
 Metaspace       used 93389K, capacity 98409K, committed 99392K, reserved 1134592K
  class space    used 12223K, capacity 13175K, committed 13400K, reserved 1048576K
}

